<?xml version="1.0" encoding="UTF-8"?>
<testsuite xmlns:xsi="http://www.w3.org/2001/XMLSchema-instance" xsi:noNamespaceSchemaLocation="https://maven.apache.org/surefire/maven-surefire-plugin/xsd/surefire-test-report-3.0.xsd" version="3.0" name="TestSuite" time="51.274" tests="4" errors="0" skipped="0" failures="2">
  <properties>
[...]
</properties>
  <testcase name="registerUserTest" classname="tests.RegisterTest" time="7.352">
    <failure message="The following asserts failed:&#10;	expected [true] but found [false],&#10;	expected [https://practicesoftwaretesting.com/#/accountfdewqf] but found [https://practicesoftwaretesting.com/#/account]" type="java.lang.AssertionError"><![CDATA[java.lang.AssertionError: 
The following asserts failed:
	expected [true] but found [false],
	expected [https://practicesoftwaretesting.com/#/accountfdewqf] but found [https://practicesoftwaretesting.com/#/account]
	at tests.RegisterTest.registerUserTest(RegisterTest.java:34)
]]></failure>
    <system-out><![CDATA[18:52:00.605 [main] INFO  core.Environment - Opening browser: chrome navigating to: https://practicesoftwaretesting.com/#/
18:52:01.849 [main] INFO  listeners.TestListener - STARTING TEST METHOD: registerUserTest
18:52:06.263 [main] WARN  pages.BasePage - ElementClickInterceptedException occurred!
18:52:09.231 [main] INFO  pages.BasePage - PASSED - Text found in element: My account MATCHES expected text: My account
18:52:09.261 [main] ERROR pages.BasePage - FAILED - Text found in element:  Profile DOES NOT MATCH expected text: Profile + nesto
]]></system-out>
    <system-err><![CDATA[SLF4J: Failed to load class "org.slf4j.impl.StaticLoggerBinder".
SLF4J: Defaulting to no-operation (NOP) logger implementation
SLF4J: See http://www.slf4j.org/codes.html#StaticLoggerBinder for further details.
Starting ChromeDriver 108.0.5359.71 (1e0e3868ee06e91ad636a874420e3ca3ae3756ac-refs/branch-heads/5359@{#1016}) on port 30449
Only local connections are allowed.
Please see https://chromedriver.chromium.org/security-considerations for suggestions on keeping ChromeDriver safe.
ChromeDriver was started successfully.
Dec 05, 2022 6:52:00 PM org.openqa.selenium.devtools.CdpVersionFinder findNearestMatch
WARNING: Unable to find an exact match for CDP version 108, so returning the closest version found: 107
]]></system-err>
  </testcase>
  <testcase name="registerUserTest" classname="tests.RegisterTest" time="6.444">
    <failure message="The following asserts failed:&#10;	expected [true] but found [false],&#10;	expected [https://practicesoftwaretesting.com/#/accountfdewqf] but found [https://practicesoftwaretesting.com/#/account]" type="java.lang.AssertionError"><![CDATA[java.lang.AssertionError: 
The following asserts failed:
	expected [true] but found [false],
	expected [https://practicesoftwaretesting.com/#/accountfdewqf] but found [https://practicesoftwaretesting.com/#/account]
	at tests.RegisterTest.registerUserTest(RegisterTest.java:34)
]]></failure>
    <system-out><![CDATA[18:52:19.368 [main] INFO  listeners.TestListener - TEST METHOD: loginUserTest PASSED
18:52:24.987 [main] INFO  core.Environment - Opening browser: chrome navigating to: https://practicesoftwaretesting.com/#/
18:52:25.798 [main] INFO  listeners.TestListener - STARTING TEST METHOD: registerUserTest
18:52:29.327 [main] WARN  pages.BasePage - ElementClickInterceptedException occurred!
18:52:32.234 [main] INFO  pages.BasePage - PASSED - Text found in element: My account MATCHES expected text: My account
18:52:32.258 [main] ERROR pages.BasePage - FAILED - Text found in element:  Profile DOES NOT MATCH expected text: Profile + nesto
]]></system-out>
    <system-err><![CDATA[Starting ChromeDriver 108.0.5359.71 (1e0e3868ee06e91ad636a874420e3ca3ae3756ac-refs/branch-heads/5359@{#1016}) on port 10988
Only local connections are allowed.
Please see https://chromedriver.chromium.org/security-considerations for suggestions on keeping ChromeDriver safe.
ChromeDriver was started successfully.
Dec 05, 2022 6:52:24 PM org.openqa.selenium.devtools.CdpVersionFinder findNearestMatch
WARNING: Unable to find an exact match for CDP version 108, so returning the closest version found: 107
]]></system-err>
  </testcase>
  <testcase name="loginUserTest" classname="tests.LoginTest" time="3.371">
    <system-out><![CDATA[18:52:09.306 [main] ERROR listeners.TestListener - TEST METHOD: registerUserTest FAILED
18:52:14.731 [main] INFO  core.Environment - Opening browser: chrome navigating to: https://practicesoftwaretesting.com/#/
18:52:15.930 [main] INFO  listeners.TestListener - STARTING TEST METHOD: loginUserTest
]]></system-out>
    <system-err><![CDATA[Starting ChromeDriver 108.0.5359.71 (1e0e3868ee06e91ad636a874420e3ca3ae3756ac-refs/branch-heads/5359@{#1016}) on port 2742
Only local connections are allowed.
Please see https://chromedriver.chromium.org/security-considerations for suggestions on keeping ChromeDriver safe.
ChromeDriver was started successfully.
Dec 05, 2022 6:52:14 PM org.openqa.selenium.devtools.CdpVersionFinder findNearestMatch
WARNING: Unable to find an exact match for CDP version 108, so returning the closest version found: 107
]]></system-err>
  </testcase>
  <testcase name="loginUserTest" classname="tests.LoginTest" time="2.285">
    <system-out><![CDATA[18:52:32.265 [main] ERROR listeners.TestListener - TEST METHOD: registerUserTest FAILED
18:52:37.783 [main] INFO  core.Environment - Opening browser: chrome navigating to: https://practicesoftwaretesting.com/#/
18:52:38.501 [main] INFO  listeners.TestListener - STARTING TEST METHOD: loginUserTest
]]></system-out>
    <system-err><![CDATA[Starting ChromeDriver 108.0.5359.71 (1e0e3868ee06e91ad636a874420e3ca3ae3756ac-refs/branch-heads/5359@{#1016}) on port 44039
Only local connections are allowed.
Please see https://chromedriver.chromium.org/security-considerations for suggestions on keeping ChromeDriver safe.
ChromeDriver was started successfully.
Dec 05, 2022 6:52:37 PM org.openqa.selenium.devtools.CdpVersionFinder findNearestMatch
WARNING: Unable to find an exact match for CDP version 108, so returning the closest version found: 107
]]></system-err>
  </testcase>
</testsuite>